<?xml version="1.0" encoding="UTF-8"?>
<testng-results skipped="0" failed="1" total="1" passed="0">
  <reporter-output>
  </reporter-output>
  <suite name="Default suite" duration-ms="400" started-at="2015-11-23T14:02:26Z" finished-at="2015-11-23T14:02:26Z">
    <groups>
    </groups>
    <test name="Default test" duration-ms="400" started-at="2015-11-23T14:02:26Z" finished-at="2015-11-23T14:02:26Z">
      <class name="com.example.tests.TestContactCreation">
        <test-method status="PASS" signature="setUp(java.lang.String)[pri:0, instance:com.example.tests.TestContactCreation@1a92922]" name="setUp" is-config="true" duration-ms="256" started-at="2015-11-23T17:02:26Z" finished-at="2015-11-23T17:02:26Z">
          <params>
            <param index="0">
              <value is-null="true"/>
            </param>
          </params>
          <reporter-output>
          </reporter-output>
        </test-method> <!-- setUp -->
        <test-method status="FAIL" signature="shouldCreateContactWithValidData()[pri:0, instance:com.example.tests.TestContactCreation@1a92922]" name="shouldCreateContactWithValidData" duration-ms="114" started-at="2015-11-23T17:02:26Z" finished-at="2015-11-23T17:02:26Z">
          <exception class="com.jacob.com.ComFailException">
            <message>
              <![CDATA[Can't get object clsid from progid]]>
            </message>
            <full-stacktrace>
              <![CDATA[com.jacob.com.ComFailException: Can't get object clsid from progid
	at com.jacob.com.Dispatch.createInstanceNative(Native Method)
	at com.jacob.com.Dispatch.<init>(Dispatch.java:99)
	at com.jacob.activeX.ActiveXComponent.<init>(ActiveXComponent.java:58)
	at autoitx4java.AutoItX.<init>(AutoItX.java:181)
	at com.example.fw.AutoItHelper.<init>(AutoItHelper.java:20)
	at com.example.fw.ApplicationManager.getAutoItHelper(ApplicationManager.java:57)
	at com.example.fw.ContactHelper.initContactCreation(ContactHelper.java:29)
	at com.example.fw.ContactHelper.createContact(ContactHelper.java:11)
	at com.example.tests.TestContactCreation.shouldCreateContactWithValidData(TestContactCreation.java:14)
	at sun.reflect.NativeMethodAccessorImpl.invoke0(Native Method)
	at sun.reflect.NativeMethodAccessorImpl.invoke(Unknown Source)
	at sun.reflect.DelegatingMethodAccessorImpl.invoke(Unknown Source)
	at java.lang.reflect.Method.invoke(Unknown Source)
	at org.testng.internal.MethodInvocationHelper.invokeMethod(MethodInvocationHelper.java:85)
	at org.testng.internal.Invoker.invokeMethod(Invoker.java:639)
	at org.testng.internal.Invoker.invokeTestMethod(Invoker.java:816)
	at org.testng.internal.Invoker.invokeTestMethods(Invoker.java:1124)
	at org.testng.internal.TestMethodWorker.invokeTestMethods(TestMethodWorker.java:125)
	at org.testng.internal.TestMethodWorker.run(TestMethodWorker.java:108)
	at org.testng.TestRunner.privateRun(TestRunner.java:774)
	at org.testng.TestRunner.run(TestRunner.java:624)
	at org.testng.SuiteRunner.runTest(SuiteRunner.java:359)
	at org.testng.SuiteRunner.runSequentially(SuiteRunner.java:354)
	at org.testng.SuiteRunner.privateRun(SuiteRunner.java:312)
	at org.testng.SuiteRunner.run(SuiteRunner.java:261)
	at org.testng.SuiteRunnerWorker.runSuite(SuiteRunnerWorker.java:52)
	at org.testng.SuiteRunnerWorker.run(SuiteRunnerWorker.java:86)
	at org.testng.TestNG.runSuitesSequentially(TestNG.java:1215)
	at org.testng.TestNG.runSuitesLocally(TestNG.java:1140)
	at org.testng.TestNG.run(TestNG.java:1048)
	at org.testng.remote.RemoteTestNG.run(RemoteTestNG.java:112)
	at org.testng.remote.RemoteTestNG.initAndRun(RemoteTestNG.java:205)
	at org.testng.remote.RemoteTestNG.main(RemoteTestNG.java:176)
]]>
            </full-stacktrace>
          </exception> <!-- com.jacob.com.ComFailException -->
          <reporter-output>
          </reporter-output>
        </test-method> <!-- shouldCreateContactWithValidData -->
        <test-method status="PASS" signature="tearDown()[pri:0, instance:com.example.tests.TestContactCreation@1a92922]" name="tearDown" is-config="true" duration-ms="0" started-at="2015-11-23T17:02:26Z" finished-at="2015-11-23T17:02:26Z">
          <reporter-output>
          </reporter-output>
        </test-method> <!-- tearDown -->
      </class> <!-- com.example.tests.TestContactCreation -->
    </test> <!-- Default test -->
  </suite> <!-- Default suite -->
</testng-results>
